<?xml version="1.0" encoding="UTF-8"?>
<!-- Generated by org.testng.reporters.JUnitReportReporter -->
<testsuite hostname="DESKTOP-NQ83CF5" failures="0" tests="1" name="qaTests.Test2" time="23.710" errors="0" timestamp="2024-05-02T11:56:44 IST" skipped="0">
  <testcase classname="qaTests.Test2" name="VerificationofAddNomineeButton" time="23.710"/>
  <system-out/>
</testsuite> <!-- qaTests.Test2 -->
