<?xml version="1.0" encoding="UTF-8"?>
<!-- Generated by org.testng.reporters.JUnitReportReporter -->
<testsuite hostname="DESKTOP-V02I1PF" failures="0" tests="1" name="qaTests.Tests1" time="31.469" errors="0" timestamp="2024-04-25T22:01:11 IST" skipped="0">
  <testcase classname="qaTests.Tests1" name="VerificationOfAddNomineeButton" time="31.469"/>
  <system-out/>
</testsuite> <!-- qaTests.Tests1 -->
